<?xml version="1.0" encoding="UTF-8"?>
<!-- Generated by org.testng.reporters.JUnitXMLReporter -->
<testsuite ignored="0" hostname="ngbach" failures="0" tests="3" name="Default test" time="13.431" errors="0" timestamp="2024-10-18T18:01:10 ICT">
  <testcase classname="tests.TC3_verifySearchOnEmployeeClaim" name="login" time="5.096"/>
  <testcase classname="tests.TC3_verifySearchOnEmployeeClaim" name="navigateToClaimPage" time="3.061"/>
  <testcase classname="tests.TC3_verifySearchOnEmployeeClaim" name="verifySearchOnEmployeeClaim" time="2.773"/>
</testsuite> <!-- Default test -->
