<?xml version="1.0" encoding="UTF-8"?>
<!-- Generated by org.testng.reporters.JUnitXMLReporter -->
<testsuite ignored="3" hostname="ngbach" failures="0" tests="3" name="Test" time="43.481" errors="0" timestamp="2024-10-21T10:20:02 ICT">
  <testcase classname="tests.TC1_VerifyCreateNewRecordAdmin" name="login" time="5.775"/>
  <testcase classname="tests.TC1_VerifyCreateNewRecordAdmin" name="navigateToAdmin" time="1.657"/>
  <testcase classname="tests.TC1_VerifyCreateNewRecordAdmin" name="verifyAddUserAndCorrectInfor" time="13.87"/>
  <testcase classname="core.BaseTest" name="@BeforeTest setUp" time="0.0">
    <ignored/>
  </testcase> <!-- @BeforeTest setUp -->
  <testcase classname="core.BaseTest" name="@BeforeTest setUp" time="0.0">
    <ignored/>
  </testcase> <!-- @BeforeTest setUp -->
  <testcase classname="core.BaseTest" name="@BeforeTest setUp" time="0.0">
    <ignored/>
  </testcase> <!-- @BeforeTest setUp -->
</testsuite> <!-- Test -->
